<?xml version="1.0" encoding="UTF-8"?>
<!-- Generated by org.testng.reporters.JUnitXMLReporter -->
<testsuite hostname="DESKTOP-89OTHQ5" name="Test" tests="4" failures="0" timestamp="24 Oct 2020 03:42:29 GMT" time="30.316" errors="0">
  <testcase name="verifyTitle" time="15.667" classname="com.jbk.DemoTest"/>
  <testcase name="loginTest" time="4.264" classname="com.jbk.DemoTest"/>
  <testcase name="verifyTitle" time="7.893" classname="com.jbk.DemoTest1"/>
  <testcase name="loginTest" time="2.377" classname="com.jbk.DemoTest1"/>
</testsuite> <!-- Test -->
