<?xml version="1.0" encoding="UTF-8"?>
<!-- Generated by org.testng.reporters.JUnitXMLReporter -->
<testsuite hostname="DESKTOP-89OTHQ5" name="Test" tests="5" failures="1" timestamp="24 Oct 2020 04:03:22 GMT" time="26.775" errors="0">
  <testcase name="verifyTitle" time="12.575" classname="com.jbk.DemoTest"/>
  <testcase name="loginTest" time="2.209" classname="com.jbk.DemoTest"/>
  <testcase name="verifyUserPage" time="0.731" classname="com.jbk.DemoTest">
    <failure type="java.lang.AssertionError" message="expected [JavaByKiran | Use] but found [JavaByKiran | User]">
      <![CDATA[java.lang.AssertionError: expected [JavaByKiran | Use] but found [JavaByKiran | User]
	at com.jbk.DemoTest.verifyUserPage(DemoTest.java:32)
	at org.apache.maven.surefire.testng.TestNGExecutor.run(TestNGExecutor.java:178)
	at org.apache.maven.surefire.testng.TestNGXmlTestSuite.execute(TestNGXmlTestSuite.java:92)
	at org.apache.maven.surefire.testng.TestNGProvider.invoke(TestNGProvider.java:96)
	at org.apache.maven.surefire.util.ReflectionUtils.invokeMethodWithArray(ReflectionUtils.java:189)
	at org.apache.maven.surefire.booter.ProviderFactory$ProviderProxy.invoke(ProviderFactory.java:165)
	at org.apache.maven.surefire.booter.ProviderFactory.invokeProvider(ProviderFactory.java:85)
	at org.apache.maven.surefire.booter.ForkedBooter.runSuitesInProcess(ForkedBooter.java:115)
	at org.apache.maven.surefire.booter.ForkedBooter.main(ForkedBooter.java:75)
... Removed 30 stack frames]]>
    </failure>
  </testcase> <!-- verifyUserPage -->
  <testcase name="verifyTitle" time="9.146" classname="com.jbk.DemoTest1"/>
  <testcase name="loginTest" time="2.065" classname="com.jbk.DemoTest1"/>
</testsuite> <!-- Test -->
