<?xml version="1.0" encoding="UTF-8"?>
<testng-results skipped="0" failed="0" total="4" passed="4">
  <reporter-output>
  </reporter-output>
  <suite name="Suite" duration-ms="30316" started-at="2020-10-24T03:41:58Z" finished-at="2020-10-24T03:42:28Z">
    <groups>
    </groups>
    <test name="Test" duration-ms="30316" started-at="2020-10-24T03:41:58Z" finished-at="2020-10-24T03:42:28Z">
      <class name="com.jbk.DemoTest1">
        <test-method status="PASS" signature="verifyTitle()[pri:0, instance:com.jbk.DemoTest1@51efea79]" name="verifyTitle" duration-ms="7893" started-at="2020-10-24T09:12:18Z" finished-at="2020-10-24T09:12:26Z">
          <reporter-output>
          </reporter-output>
        </test-method> <!-- verifyTitle -->
        <test-method status="PASS" signature="loginTest()[pri:0, instance:com.jbk.DemoTest1@51efea79]" name="loginTest" duration-ms="2377" started-at="2020-10-24T09:12:26Z" finished-at="2020-10-24T09:12:28Z">
          <reporter-output>
          </reporter-output>
        </test-method> <!-- loginTest -->
      </class> <!-- com.jbk.DemoTest1 -->
      <class name="com.jbk.DemoTest">
        <test-method status="PASS" signature="verifyTitle()[pri:0, instance:com.jbk.DemoTest@7ac7a4e4]" name="verifyTitle" duration-ms="15667" started-at="2020-10-24T09:11:58Z" finished-at="2020-10-24T09:12:14Z">
          <reporter-output>
          </reporter-output>
        </test-method> <!-- verifyTitle -->
        <test-method status="PASS" signature="loginTest()[pri:0, instance:com.jbk.DemoTest@7ac7a4e4]" name="loginTest" duration-ms="4264" started-at="2020-10-24T09:12:14Z" finished-at="2020-10-24T09:12:18Z">
          <reporter-output>
          </reporter-output>
        </test-method> <!-- loginTest -->
      </class> <!-- com.jbk.DemoTest -->
    </test> <!-- Test -->
  </suite> <!-- Suite -->
</testng-results>
